# JRE version: OpenJDK Runtime Environment Temurin-17.0.5+8 (17.0.5+8) (build 17.0.5+8)
# Java VM: OpenJDK 64-Bit Server VM Temurin-17.0.5+8 (17.0.5+8, mixed mode, emulated-client, tiered, compressed oops, compressed class ptrs, g1 gc, windows-amd64)
GC Precious Log:
 CPUs: 4 total, 4 available
 Memory: 3996M
 Large Page Support: Disabled
 NUMA Support: Disabled
 Compressed Oops: Enabled (32-bit)
 Heap Region Size: 1M
 Heap Min Capacity: 8M
 Heap Initial Capacity: 64M
 Heap Max Capacity: 1000M
 Pre-touch: Disabled
 Parallel Workers: 4
 Concurrent Workers: 1
 Concurrent Refinement Workers: 4
 Periodic GC: Disabled
Heap:
 garbage-first heap   total 46080K, used 21794K [0x00000000c1800000, 0x0000000100000000)
  region size 1024K, 12 young (12288K), 3 survivors (3072K)
 Metaspace       used 37793K, committed 38208K, reserved 1089536K
  class space    used 4805K, committed 4992K, reserved 1048576K
GC Heap History (20 events):
Event: 3.020 GC heap before
{Heap before GC invocations=1 (full 0):
 garbage-first heap   total 65536K, used 14096K [0x00000000c1800000, 0x0000000100000000)
  region size 1024K, 11 young (11264K), 2 survivors (2048K)
 Metaspace       used 16836K, committed 17088K, reserved 1064960K
  class space    used 1827K, committed 1984K, reserved 1048576K
}
Event: 3.027 GC heap after
{Heap after GC invocations=2 (full 0):
 garbage-first heap   total 65536K, used 5682K [0x00000000c1800000, 0x0000000100000000)
  region size 1024K, 1 young (1024K), 1 survivors (1024K)
 Metaspace       used 16836K, committed 17088K, reserved 1064960K
  class space    used 1827K, committed 1984K, reserved 1048576K
}
Event: 4.495 GC heap before
{Heap before GC invocations=2 (full 0):
 garbage-first heap   total 65536K, used 24114K [0x00000000c1800000, 0x0000000100000000)
  region size 1024K, 21 young (21504K), 1 survivors (1024K)
 Metaspace       used 21253K, committed 21504K, reserved 1073152K
  class space    used 2435K, committed 2560K, reserved 1048576K
}
Event: 4.504 GC heap after
{Heap after GC invocations=3 (full 0):
 garbage-first heap   total 65536K, used 6902K [0x00000000c1800000, 0x0000000100000000)
  region size 1024K, 2 young (2048K), 2 survivors (2048K)
 Metaspace       used 21253K, committed 21504K, reserved 1073152K
  class space    used 2435K, committed 2560K, reserved 1048576K
}
Event: 5.887 GC heap before
{Heap before GC invocations=4 (full 0):
 garbage-first heap   total 27648K, used 18166K [0x00000000c1800000, 0x0000000100000000)
  region size 1024K, 15 young (15360K), 2 survivors (2048K)
 Metaspace       used 24481K, committed 24704K, reserved 1073152K
  class space    used 2854K, committed 2944K, reserved 1048576K
}
Event: 5.892 GC heap after
{Heap after GC invocations=5 (full 0):
 garbage-first heap   total 27648K, used 7910K [0x00000000c1800000, 0x0000000100000000)
  region size 1024K, 3 young (3072K), 3 survivors (3072K)
 Metaspace       used 24481K, committed 24704K, reserved 1073152K
  class space    used 2854K, committed 2944K, reserved 1048576K
}
Event: 5.913 GC heap before
{Heap before GC invocations=5 (full 0):
 garbage-first heap   total 27648K, used 8934K [0x00000000c1800000, 0x0000000100000000)
  region size 1024K, 4 young (4096K), 3 survivors (3072K)
 Metaspace       used 24707K, committed 24960K, reserved 1073152K
  class space    used 2885K, committed 3008K, reserved 1048576K
}
Event: 5.919 GC heap after
{Heap after GC invocations=6 (full 0):
 garbage-first heap   total 27648K, used 8102K [0x00000000c1800000, 0x0000000100000000)
  region size 1024K, 1 young (1024K), 1 survivors (1024K)
 Metaspace       used 24707K, committed 24960K, reserved 1073152K
  class space    used 2885K, committed 3008K, reserved 1048576K
}
Event: 7.413 GC heap before
{Heap before GC invocations=6 (full 0):
 garbage-first heap   total 27648K, used 16294K [0x00000000c1800000, 0x0000000100000000)
  region size 1024K, 10 young (10240K), 1 survivors (1024K)
 Metaspace       used 26362K, committed 26624K, reserved 1073152K
  class space    used 3127K, committed 3264K, reserved 1048576K
}
Event: 7.414 GC heap after
{Heap after GC invocations=7 (full 0):
 garbage-first heap   total 27648K, used 8404K [0x00000000c1800000, 0x0000000100000000)
  region size 1024K, 1 young (1024K), 1 survivors (1024K)
 Metaspace       used 26362K, committed 26624K, reserved 1073152K
  class space    used 3127K, committed 3264K, reserved 1048576K
}
Event: 7.865 GC heap before
{Heap before GC invocations=7 (full 0):
 garbage-first heap   total 27648K, used 18644K [0x00000000c1800000, 0x0000000100000000)
  region size 1024K, 11 young (11264K), 1 survivors (1024K)
 Metaspace       used 26929K, committed 27200K, reserved 1073152K
  class space    used 3235K, committed 3392K, reserved 1048576K
}
Event: 7.869 GC heap after
{Heap after GC invocations=8 (full 0):
 garbage-first heap   total 27648K, used 9533K [0x00000000c1800000, 0x0000000100000000)
  region size 1024K, 2 young (2048K), 2 survivors (2048K)
 Metaspace       used 26929K, committed 27200K, reserved 1073152K
  class space    used 3235K, committed 3392K, reserved 1048576K
}
Event: 8.253 GC heap before
{Heap before GC invocations=8 (full 0):
 garbage-first heap   total 27648K, used 18749K [0x00000000c1800000, 0x0000000100000000)
  region size 1024K, 11 young (11264K), 2 survivors (2048K)
 Metaspace       used 28430K, committed 28736K, reserved 1081344K
  class space    used 3434K, committed 3584K, reserved 1048576K
}
Event: 8.261 GC heap after
{Heap after GC invocations=9 (full 0):
 garbage-first heap   total 27648K, used 9806K [0x00000000c1800000, 0x0000000100000000)
  region size 1024K, 1 young (1024K), 1 survivors (1024K)
 Metaspace       used 28430K, committed 28736K, reserved 1081344K
  class space    used 3434K, committed 3584K, reserved 1048576K
}
Event: 8.743 GC heap before
{Heap before GC invocations=9 (full 0):
 garbage-first heap   total 27648K, used 19022K [0x00000000c1800000, 0x0000000100000000)
  region size 1024K, 11 young (11264K), 1 survivors (1024K)
 Metaspace       used 30351K, committed 30720K, reserved 1081344K
  class space    used 3729K, committed 3904K, reserved 1048576K
}
Event: 8.749 GC heap after
{Heap after GC invocations=10 (full 0):
 garbage-first heap   total 27648K, used 10673K [0x00000000c1800000, 0x0000000100000000)
  region size 1024K, 2 young (2048K), 2 survivors (2048K)
 Metaspace       used 30351K, committed 30720K, reserved 1081344K
  class space    used 3729K, committed 3904K, reserved 1048576K
}
Event: 9.082 GC heap before
{Heap before GC invocations=10 (full 0):
 garbage-first heap   total 27648K, used 19889K [0x00000000c1800000, 0x0000000100000000)
  region size 1024K, 11 young (11264K), 2 survivors (2048K)
 Metaspace       used 32006K, committed 32320K, reserved 1081344K
  class space    used 4012K, committed 4160K, reserved 1048576K
}
Event: 9.091 GC heap after
{Heap after GC invocations=11 (full 0):
 garbage-first heap   total 46080K, used 11643K [0x00000000c1800000, 0x0000000100000000)
  region size 1024K, 2 young (2048K), 2 survivors (2048K)
 Metaspace       used 32006K, committed 32320K, reserved 1081344K
  class space    used 4012K, committed 4160K, reserved 1048576K
}
Event: 10.071 GC heap before
{Heap before GC invocations=11 (full 0):
 garbage-first heap   total 46080K, used 28027K [0x00000000c1800000, 0x0000000100000000)
  region size 1024K, 19 young (19456K), 2 survivors (2048K)
 Metaspace       used 35550K, committed 35968K, reserved 1081344K
  class space    used 4462K, committed 4672K, reserved 1048576K
}
Event: 10.087 GC heap after
{Heap after GC invocations=12 (full 0):
 garbage-first heap   total 46080K, used 13602K [0x00000000c1800000, 0x0000000100000000)
  region size 1024K, 3 young (3072K), 3 survivors (3072K)
 Metaspace       used 35550K, committed 35968K, reserved 1081344K
  class space    used 4462K, committed 4672K, reserved 1048576K
}

